<?xml version="1.0" encoding="UTF-8"?>
<testsuite name="Consulta de una reserva de usuario en el api" tests="1" skipped="0" failures="0" errors="0" timestamp="2022-10-07T00:12:28" hostname="ROL2377D" time="4.488">
  <properties/>
  <testcase name="Realizar una consulta exitosa de una reserva en la plataforma" classname="Consulta de una reserva de usuario en el api" time="4.488"/>
  <system-out><![CDATA[[INFO][2022-10-06 19:12:33] Verificacion Codigo Json respuesta
[INFO][2022-10-06 19:12:33] Valor Obtenido Campo Codigo Respuesta  : 200
[INFO][2022-10-06 19:12:33] Valor Esperado Campo Codigo Respuesta  : 200
[INFO][2022-10-06 19:12:33] Resultado    : OK
[INFO][2022-10-06 19:12:33] Verificacion de la consulta exitosa de la reserva
[INFO][2022-10-06 19:12:33] Valor Obtenido Campo FIRST_NAME : Jean
[INFO][2022-10-06 19:12:33] Valor Esperado Campo FIRST_NAME : Jean
[INFO][2022-10-06 19:12:33] Resultado    : OK
[INFO][2022-10-06 19:12:33] Valor Obtenido Campo LAST_NAME : Red
[INFO][2022-10-06 19:12:33] Valor Esperado Campo LAST_NAME : Red
[INFO][2022-10-06 19:12:33] Resultado    : OK
[INFO][2022-10-06 19:12:33] Valor Obtenido Campo TOTAL_PRICE : 888
[INFO][2022-10-06 19:12:33] Valor Esperado Campo TOTAL_PRICE : 888
[INFO][2022-10-06 19:12:33] Resultado    : OK
[INFO][2022-10-06 19:12:33] Valor Obtenido Campo DEPOSIT_PAID : true
[INFO][2022-10-06 19:12:33] Valor Esperado Campo DEPOSIT_PAID : true
[INFO][2022-10-06 19:12:33] Resultado    : OK
[INFO][2022-10-06 19:12:33] Valor Obtenido Campo CHECK_IN : 2021-02-20
[INFO][2022-10-06 19:12:33] Valor Esperado Campo CHECK_IN : 2021-02-20
[INFO][2022-10-06 19:12:33] Resultado    : OK
[INFO][2022-10-06 19:12:33] Valor Obtenido Campo CHECKOUT : 2021-08-17
[INFO][2022-10-06 19:12:33] Valor Esperado Campo CHECKOUT : 2021-08-17
[INFO][2022-10-06 19:12:33] Resultado    : OK
[INFO][2022-10-06 19:12:33] Valor Obtenido Campo ADDITIONAL_NEEDS : Breakfast
[INFO][2022-10-06 19:12:33] Valor Esperado Campo ADDITIONAL_NEEDS : Breakfast
[INFO][2022-10-06 19:12:33] Resultado    : OK
]]></system-out>
  <system-err><![CDATA[[Test worker] INFO io.cucumber.core.plugin.SerenityReporter - Running feature from file:///C:/Users/Yandy/OneDrive/Escritorio/RetoEvolvers/ApiAutomation/src/test/resources/features/booking/servicio_get_booking.feature
[Test worker] INFO  - 
  _____   ___   ___   _____     ___   _____     _     ___   _____   ___   ___  
 |_   _| | __| / __| |_   _|   / __| |_   _|   /_\   | _ \ |_   _| | __| |   \ 
   | |   | _|  \__ \   | |     \__ \   | |    / _ \  |   /   | |   | _|  | |) |
   |_|   |___| |___/   |_|     |___/   |_|   /_/ \_\ |_|_\   |_|   |___| |___/ 

Realizar una consulta exitosa de una reserva en la plataforma(consulta-de-una-reserva-de-usuario-en-el-api;realizar-una-consulta-exitosa-de-una-reserva-en-la-plataforma)
--------------------------------------------------------------------------------
[Test worker] INFO  - 
  _____   ___   ___   _____     ___     _     ___   ___   ___   ___  
 |_   _| | __| / __| |_   _|   | _ \   /_\   / __| / __| | __| |   \ 
   | |   | _|  \__ \   | |     |  _/  / _ \  \__ \ \__ \ | _|  | |) |
   |_|   |___| |___/   |_|     |_|   /_/ \_\ |___/ |___/ |___| |___/ 

Realizar una consulta exitosa de una reserva en la plataforma
----------------------------------------------------------------------
]]></system-err>
</testsuite>
